<?xml version="1.0" encoding="UTF-8"?>
<!-- Generated by org.testng.reporters.JUnitReportReporter -->
<testsuite hostname="DESKTOP-F98E231" failures="0" tests="2" name="com.sathish.runner.TestRunner" time="22.985" errors="0" timestamp="2024-12-27T21:03:54 GMT-08:00" skipped="0">
  <testcase classname="com.sathish.runner.TestRunner" name="runScenario" time="8.960"/>
  <testcase classname="com.sathish.runner.TestRunner" name="runScenario" time="14.025"/>
</testsuite> <!-- com.sathish.runner.TestRunner -->
